JavaPathfinder core system v8.0 (rev 6c059adcdccf7ff849eb730c85037ac28e5490ec) - (C) 2005-2014 United States Government. All rights reserved.


====================================================== system under test
Test44032.main("-tn","4","-l","25")

====================================================== search started: 24/11/2025, 17.15
********************************
Starting test: log4j44032
Expected bug type: race
********************************


Finished test: Failed to reproduce the bug.

Finished test: Failed to reproduce the bug.

Finished test: Failed to reproduce the bug.

Finished test: Failed to reproduce the bug.

====================================================== error 1
gov.nasa.jpf.vm.NoUncaughtExceptionsProperty
java.lang.NullPointerException
	at Test44032$TestThread.run(Test44032.java:58)


====================================================== snapshot #1
thread java.lang.Thread:{id:0,name:main,status:RUNNING,priority:5,isDaemon:false,lockCount:0,suspendCount:0}
  call stack:
	at java.lang.Thread.join(Thread.java)
	at Test44032.run(Test44032.java:42)
	at Test44032.main(Test44032.java:72)

thread Test44032$TestThread:{id:99,name:Thread-99,status:RUNNING,priority:5,isDaemon:false,lockCount:0,suspendCount:0}
  call stack:

thread Test44032$TestThread:{id:100,name:Thread-100,status:RUNNING,priority:5,isDaemon:false,lockCount:0,suspendCount:0}
  call stack:


====================================================== results
error #1: gov.nasa.jpf.vm.NoUncaughtExceptionsProperty "java.lang.NullPointerException  at Test44032$TestT..."

====================================================== statistics
elapsed time:       00:00:00
states:             new=1353,visited=823,backtracked=1229,end=4
search:             maxDepth=955,constraints=0
choice generators:  thread=1352 (signal=0,lock=278,sharedRef=672,threadApi=204,reschedule=198), data=0
heap:               new=3716,released=3906,maxLive=1349,gcCycles=2150
instructions:       254218
max memory:         128MB
loaded code:        classes=146,methods=3208

====================================================== search finished: 24/11/2025, 17.15
