JavaPathfinder core system v8.0 (rev 6c059adcdccf7ff849eb730c85037ac28e5490ec) - (C) 2005-2014 United States Government. All rights reserved.


====================================================== system under test
Test44032.main("-tn","7","-l","25")

====================================================== search started: 24/11/2025, 17.16
********************************
Starting test: log4j44032
Expected bug type: race
********************************


Finished test: Failed to reproduce the bug.

Finished test: Failed to reproduce the bug.

Finished test: Failed to reproduce the bug.

Finished test: Failed to reproduce the bug.

Finished test: Failed to reproduce the bug.

Finished test: Failed to reproduce the bug.

Finished test: Failed to reproduce the bug.

====================================================== error 1
gov.nasa.jpf.vm.NoUncaughtExceptionsProperty
java.lang.NullPointerException
	at Test44032$TestThread.run(Test44032.java:58)


====================================================== snapshot #1
thread java.lang.Thread:{id:0,name:main,status:RUNNING,priority:5,isDaemon:false,lockCount:0,suspendCount:0}
  call stack:
	at java.lang.Thread.join(Thread.java)
	at Test44032.run(Test44032.java:42)
	at Test44032.main(Test44032.java:72)

thread Test44032$TestThread:{id:171,name:Thread-171,status:RUNNING,priority:5,isDaemon:false,lockCount:0,suspendCount:0}
  call stack:

thread Test44032$TestThread:{id:172,name:Thread-172,status:RUNNING,priority:5,isDaemon:false,lockCount:0,suspendCount:0}
  call stack:

thread Test44032$TestThread:{id:173,name:Thread-173,status:RUNNING,priority:5,isDaemon:false,lockCount:0,suspendCount:0}
  call stack:

thread Test44032$TestThread:{id:174,name:Thread-174,status:RUNNING,priority:5,isDaemon:false,lockCount:0,suspendCount:0}
  call stack:

thread Test44032$TestThread:{id:175,name:Thread-175,status:RUNNING,priority:5,isDaemon:false,lockCount:0,suspendCount:0}
  call stack:


====================================================== results
error #1: gov.nasa.jpf.vm.NoUncaughtExceptionsProperty "java.lang.NullPointerException  at Test44032$TestT..."

====================================================== statistics
elapsed time:       00:00:31
states:             new=52238,visited=224223,backtracked=275004,end=7
search:             maxDepth=1480,constraints=0
choice generators:  thread=52237 (signal=0,lock=353,sharedRef=38667,threadApi=354,reschedule=12863), data=0
heap:               new=64449,released=235334,maxLive=1361,gcCycles=276435
instructions:       5296817
max memory:         157MB
loaded code:        classes=146,methods=3208

====================================================== search finished: 24/11/2025, 17.16
